2025-09-06 15:07:06,687 - __main__ - INFO - svm.py:48 - In function call executeSupportVectorMachine(): Starting ML Support Vector Machine Dataset analysis.
2025-09-06 15:07:07,301 - __main__ - ERROR - svm.py:100 - Error occurred in executeSupportVectorMachine() execution : [Errno 2] No such file or directory: './DATA/uciml/iris.csv'
Traceback (most recent call last):
  File "/Users/harisrid/Desktop/CODEBASES/MACHINE_LEARNING_ENGINEERING_SIDE_PROJECTS/SUPERVISED_LEARNING/SVM - SUPPORT_VECTOR_MACHINE/svm.py", line 61, in executeSupportVectorMachine
    iris_data = datasetLoader.getDataset(target_path, target_dataset)
  File "/Users/harisrid/Desktop/CODEBASES/MACHINE_LEARNING_ENGINEERING_SIDE_PROJECTS/SUPERVISED_LEARNING/SVM - SUPPORT_VECTOR_MACHINE/../../UTILS/DatasetLoader.py", line 18, in getDataset
    df = pd.read_csv(f'{target_path}/{target_dataset}.csv', sep=self.COMMA)
  File "/Users/harisrid/Desktop/CODEBASES/MACHINE_LEARNING_ENGINEERING_SIDE_PROJECTS/SUPERVISED_LEARNING/SVM - SUPPORT_VECTOR_MACHINE/path/to/venv/lib/python3.13/site-packages/pandas/io/parsers/readers.py", line 1026, in read_csv
    return _read(filepath_or_buffer, kwds)
  File "/Users/harisrid/Desktop/CODEBASES/MACHINE_LEARNING_ENGINEERING_SIDE_PROJECTS/SUPERVISED_LEARNING/SVM - SUPPORT_VECTOR_MACHINE/path/to/venv/lib/python3.13/site-packages/pandas/io/parsers/readers.py", line 620, in _read
    parser = TextFileReader(filepath_or_buffer, **kwds)
  File "/Users/harisrid/Desktop/CODEBASES/MACHINE_LEARNING_ENGINEERING_SIDE_PROJECTS/SUPERVISED_LEARNING/SVM - SUPPORT_VECTOR_MACHINE/path/to/venv/lib/python3.13/site-packages/pandas/io/parsers/readers.py", line 1620, in __init__
    self._engine = self._make_engine(f, self.engine)
                   ~~~~~~~~~~~~~~~~~^^^^^^^^^^^^^^^^
  File "/Users/harisrid/Desktop/CODEBASES/MACHINE_LEARNING_ENGINEERING_SIDE_PROJECTS/SUPERVISED_LEARNING/SVM - SUPPORT_VECTOR_MACHINE/path/to/venv/lib/python3.13/site-packages/pandas/io/parsers/readers.py", line 1880, in _make_engine
    self.handles = get_handle(
                   ~~~~~~~~~~^
        f,
        ^^
    ...<6 lines>...
        storage_options=self.options.get("storage_options", None),
        ^^^^^^^^^^^^^^^^^^^^^^^^^^^^^^^^^^^^^^^^^^^^^^^^^^^^^^^^^^
    )
    ^
  File "/Users/harisrid/Desktop/CODEBASES/MACHINE_LEARNING_ENGINEERING_SIDE_PROJECTS/SUPERVISED_LEARNING/SVM - SUPPORT_VECTOR_MACHINE/path/to/venv/lib/python3.13/site-packages/pandas/io/common.py", line 873, in get_handle
    handle = open(
        handle,
    ...<3 lines>...
        newline="",
    )
FileNotFoundError: [Errno 2] No such file or directory: './DATA/uciml/iris.csv'
2025-09-06 15:08:29,291 - __main__ - INFO - svm.py:48 - In function call executeSupportVectorMachine(): Starting ML Support Vector Machine Dataset analysis.
2025-09-06 15:08:29,835 - __main__ - ERROR - svm.py:100 - Error occurred in executeSupportVectorMachine() execution : [Errno 2] No such file or directory: './DATA/Iris.csv.csv'
Traceback (most recent call last):
  File "/Users/harisrid/Desktop/CODEBASES/MACHINE_LEARNING_ENGINEERING_SIDE_PROJECTS/SUPERVISED_LEARNING/SVM - SUPPORT_VECTOR_MACHINE/svm.py", line 61, in executeSupportVectorMachine
    iris_data = datasetLoader.getDataset(target_path, target_read_dataset, target_write_dataset)
  File "/Users/harisrid/Desktop/CODEBASES/MACHINE_LEARNING_ENGINEERING_SIDE_PROJECTS/SUPERVISED_LEARNING/SVM - SUPPORT_VECTOR_MACHINE/../../UTILS/DatasetLoader.py", line 18, in getDataset
    df = pd.read_csv(f'{target_path}/{target_read_dataset}.csv', sep=self.COMMA)
  File "/Users/harisrid/Desktop/CODEBASES/MACHINE_LEARNING_ENGINEERING_SIDE_PROJECTS/SUPERVISED_LEARNING/SVM - SUPPORT_VECTOR_MACHINE/path/to/venv/lib/python3.13/site-packages/pandas/io/parsers/readers.py", line 1026, in read_csv
    return _read(filepath_or_buffer, kwds)
  File "/Users/harisrid/Desktop/CODEBASES/MACHINE_LEARNING_ENGINEERING_SIDE_PROJECTS/SUPERVISED_LEARNING/SVM - SUPPORT_VECTOR_MACHINE/path/to/venv/lib/python3.13/site-packages/pandas/io/parsers/readers.py", line 620, in _read
    parser = TextFileReader(filepath_or_buffer, **kwds)
  File "/Users/harisrid/Desktop/CODEBASES/MACHINE_LEARNING_ENGINEERING_SIDE_PROJECTS/SUPERVISED_LEARNING/SVM - SUPPORT_VECTOR_MACHINE/path/to/venv/lib/python3.13/site-packages/pandas/io/parsers/readers.py", line 1620, in __init__
    self._engine = self._make_engine(f, self.engine)
                   ~~~~~~~~~~~~~~~~~^^^^^^^^^^^^^^^^
  File "/Users/harisrid/Desktop/CODEBASES/MACHINE_LEARNING_ENGINEERING_SIDE_PROJECTS/SUPERVISED_LEARNING/SVM - SUPPORT_VECTOR_MACHINE/path/to/venv/lib/python3.13/site-packages/pandas/io/parsers/readers.py", line 1880, in _make_engine
    self.handles = get_handle(
                   ~~~~~~~~~~^
        f,
        ^^
    ...<6 lines>...
        storage_options=self.options.get("storage_options", None),
        ^^^^^^^^^^^^^^^^^^^^^^^^^^^^^^^^^^^^^^^^^^^^^^^^^^^^^^^^^^
    )
    ^
  File "/Users/harisrid/Desktop/CODEBASES/MACHINE_LEARNING_ENGINEERING_SIDE_PROJECTS/SUPERVISED_LEARNING/SVM - SUPPORT_VECTOR_MACHINE/path/to/venv/lib/python3.13/site-packages/pandas/io/common.py", line 873, in get_handle
    handle = open(
        handle,
    ...<3 lines>...
        newline="",
    )
FileNotFoundError: [Errno 2] No such file or directory: './DATA/Iris.csv.csv'
2025-09-06 15:08:40,532 - __main__ - INFO - svm.py:48 - In function call executeSupportVectorMachine(): Starting ML Support Vector Machine Dataset analysis.
2025-09-06 15:09:10,313 - __main__ - INFO - svm.py:48 - In function call executeSupportVectorMachine(): Starting ML Support Vector Machine Dataset analysis.
2025-09-06 15:17:57,908 - __main__ - INFO - svm.py:48 - In function call executeSupportVectorMachine(): Starting ML Support Vector Machine Dataset analysis.
2025-09-06 15:19:47,753 - __main__ - INFO - svm.py:48 - In function call executeSupportVectorMachine(): Starting ML Support Vector Machine Dataset analysis.
2025-09-06 15:19:48,933 - __main__ - ERROR - svm.py:104 - Error occurred in executeSupportVectorMachine() execution : 'species'
Traceback (most recent call last):
  File "/Users/harisrid/Desktop/CODEBASES/MACHINE_LEARNING_ENGINEERING_SIDE_PROJECTS/SUPERVISED_LEARNING/SVM - SUPPORT_VECTOR_MACHINE/path/to/venv/lib/python3.13/site-packages/pandas/core/indexes/base.py", line 3812, in get_loc
    return self._engine.get_loc(casted_key)
           ~~~~~~~~~~~~~~~~~~~~^^^^^^^^^^^^
  File "pandas/_libs/index.pyx", line 167, in pandas._libs.index.IndexEngine.get_loc
  File "pandas/_libs/index.pyx", line 196, in pandas._libs.index.IndexEngine.get_loc
  File "pandas/_libs/hashtable_class_helper.pxi", line 7088, in pandas._libs.hashtable.PyObjectHashTable.get_item
  File "pandas/_libs/hashtable_class_helper.pxi", line 7096, in pandas._libs.hashtable.PyObjectHashTable.get_item
KeyError: 'species'

The above exception was the direct cause of the following exception:

Traceback (most recent call last):
  File "/Users/harisrid/Desktop/CODEBASES/MACHINE_LEARNING_ENGINEERING_SIDE_PROJECTS/SUPERVISED_LEARNING/SVM - SUPPORT_VECTOR_MACHINE/svm.py", line 82, in executeSupportVectorMachine
    y = iris_data['species']
        ~~~~~~~~~^^^^^^^^^^^
  File "/Users/harisrid/Desktop/CODEBASES/MACHINE_LEARNING_ENGINEERING_SIDE_PROJECTS/SUPERVISED_LEARNING/SVM - SUPPORT_VECTOR_MACHINE/path/to/venv/lib/python3.13/site-packages/pandas/core/frame.py", line 4107, in __getitem__
    indexer = self.columns.get_loc(key)
  File "/Users/harisrid/Desktop/CODEBASES/MACHINE_LEARNING_ENGINEERING_SIDE_PROJECTS/SUPERVISED_LEARNING/SVM - SUPPORT_VECTOR_MACHINE/path/to/venv/lib/python3.13/site-packages/pandas/core/indexes/base.py", line 3819, in get_loc
    raise KeyError(key) from err
KeyError: 'species'
2025-09-06 15:21:13,525 - __main__ - INFO - svm.py:48 - In function call executeSupportVectorMachine(): Starting ML Support Vector Machine Dataset analysis.
2025-09-06 15:21:14,091 - __main__ - ERROR - svm.py:105 - Error occurred in executeSupportVectorMachine() execution : 'species'
Traceback (most recent call last):
  File "/Users/harisrid/Desktop/CODEBASES/MACHINE_LEARNING_ENGINEERING_SIDE_PROJECTS/SUPERVISED_LEARNING/SVM - SUPPORT_VECTOR_MACHINE/path/to/venv/lib/python3.13/site-packages/pandas/core/indexes/base.py", line 3812, in get_loc
    return self._engine.get_loc(casted_key)
           ~~~~~~~~~~~~~~~~~~~~^^^^^^^^^^^^
  File "pandas/_libs/index.pyx", line 167, in pandas._libs.index.IndexEngine.get_loc
  File "pandas/_libs/index.pyx", line 196, in pandas._libs.index.IndexEngine.get_loc
  File "pandas/_libs/hashtable_class_helper.pxi", line 7088, in pandas._libs.hashtable.PyObjectHashTable.get_item
  File "pandas/_libs/hashtable_class_helper.pxi", line 7096, in pandas._libs.hashtable.PyObjectHashTable.get_item
KeyError: 'species'

The above exception was the direct cause of the following exception:

Traceback (most recent call last):
  File "/Users/harisrid/Desktop/CODEBASES/MACHINE_LEARNING_ENGINEERING_SIDE_PROJECTS/SUPERVISED_LEARNING/SVM - SUPPORT_VECTOR_MACHINE/svm.py", line 83, in executeSupportVectorMachine
    y = iris_data['species']
        ~~~~~~~~~^^^^^^^^^^^
  File "/Users/harisrid/Desktop/CODEBASES/MACHINE_LEARNING_ENGINEERING_SIDE_PROJECTS/SUPERVISED_LEARNING/SVM - SUPPORT_VECTOR_MACHINE/path/to/venv/lib/python3.13/site-packages/pandas/core/frame.py", line 4107, in __getitem__
    indexer = self.columns.get_loc(key)
  File "/Users/harisrid/Desktop/CODEBASES/MACHINE_LEARNING_ENGINEERING_SIDE_PROJECTS/SUPERVISED_LEARNING/SVM - SUPPORT_VECTOR_MACHINE/path/to/venv/lib/python3.13/site-packages/pandas/core/indexes/base.py", line 3819, in get_loc
    raise KeyError(key) from err
KeyError: 'species'
2025-09-06 15:21:29,412 - __main__ - INFO - svm.py:48 - In function call executeSupportVectorMachine(): Starting ML Support Vector Machine Dataset analysis.
2025-09-06 15:21:47,337 - __main__ - INFO - svm.py:48 - In function call executeSupportVectorMachine(): Starting ML Support Vector Machine Dataset analysis.
2025-09-06 15:21:57,804 - __main__ - INFO - svm.py:48 - In function call executeSupportVectorMachine(): Starting ML Support Vector Machine Dataset analysis.
